<?xml version="1.0" encoding="UTF-8"?>
<!-- Generated by org.testng.reporters.JUnitReportReporter -->
<testsuite skipped="0" hostname="QTLSYS0-237" name="tests.QCStore" tests="1" failures="0" timestamp="18 Sep 2020 06:38:37 GMT" time="1398.896" errors="0">
  <testcase name="B20_403_TS_5" time="1398.896" classname="tests.QCStore"/>
</testsuite> <!-- tests.QCStore -->
