<?xml version="1.0" encoding="UTF-8"?>
<!-- Generated by org.testng.reporters.JUnitReportReporter -->
<testsuite skipped="0" hostname="QTLSYS0-237" name="tests.QCStore" tests="4" failures="0" timestamp="17 Sep 2020 16:39:00 GMT" time="815.592" errors="0">
  <testcase name="B20_846_TS_2" time="240.821" classname="tests.QCStore"/>
  <testcase name="B20_846_TS_5" time="230.929" classname="tests.QCStore"/>
  <testcase name="B20_849_TS_1" time="235.363" classname="tests.QCStore"/>
  <testcase name="B20_849_TS_3" time="108.479" classname="tests.QCStore"/>
</testsuite> <!-- tests.QCStore -->
